<?xml version="1.0" encoding="UTF-8"?>
<testsuite xmlns:xsi="http://www.w3.org/2001/XMLSchema-instance" xsi:noNamespaceSchemaLocation="https://maven.apache.org/surefire/maven-surefire-plugin/xsd/surefire-test-report-3.0.xsd" version="3.0" name="com.example.crm.CrmApplicationTests" time="4.291" tests="1" errors="0" skipped="0" failures="0">
  <properties>
[...]
</properties>
  <testcase name="contextLoads" classname="com.example.crm.CrmApplicationTests" time="1.055">
    <system-out><![CDATA[01:14:06.240 [main] INFO org.springframework.test.context.support.AnnotationConfigContextLoaderUtils -- Could not detect default configuration classes for test class [com.example.crm.CrmApplicationTests]: CrmApplicationTests does not declare any static, non-private, non-final, nested classes annotated with @Configuration.
01:14:06.341 [main] INFO org.springframework.boot.test.context.SpringBootTestContextBootstrapper -- Found @SpringBootConfiguration com.example.crm.CrmApplication for test class com.example.crm.CrmApplicationTests

  .   ____          _            __ _ _
 /\\ / ___'_ __ _ _(_)_ __  __ _ \ \ \ \
( ( )\___ | '_ | '_| | '_ \/ _` | \ \ \ \
 \\/  ___)| |_)| | | | | || (_| |  ) ) ) )
  '  |____| .__|_| |_|_| |_\__, | / / / /
 =========|_|==============|___/=/_/_/_/
 :: Spring Boot ::                (v3.2.5)

2024-05-10T01:14:06.902+08:00  INFO 42392 --- [crm] [           main] com.example.crm.CrmApplicationTests      : Starting CrmApplicationTests using Java 17.0.11 with PID 42392 (started by liuhaobin in C:\Users\liuhaobin\Downloads\huike-crm-main\crm)
2024-05-10T01:14:06.905+08:00  INFO 42392 --- [crm] [           main] com.example.crm.CrmApplicationTests      : No active profile set, falling back to 1 default profile: "default"
2024-05-10T01:14:09.294+08:00  INFO 42392 --- [crm] [           main] com.example.crm.CrmApplicationTests      : Started CrmApplicationTests in 2.684 seconds (process running for 3.893)
]]></system-out>
  </testcase>
</testsuite>